c:\dx_work\obstacle run\obstacle run\x64\debug\vc143.pdb
c:\dx_work\obstacle run\obstacle run\x64\debug\vc143.idb
c:\dx_work\obstacle run\obstacle run\x64\debug\timer.obj
c:\dx_work\obstacle run\obstacle run\x64\debug\stage.obj
c:\dx_work\obstacle run\obstacle run\x64\debug\player.obj
c:\dx_work\obstacle run\obstacle run\x64\debug\obstacle.obj
c:\dx_work\obstacle run\obstacle run\x64\debug\main.obj
c:\dx_work\obstacle run\obstacle run\x64\debug\gamemanager.obj
c:\dx_work\obstacle run\obstacle run\x64\debug\collision.obj
c:\dx_work\obstacle run\obstacle run\x64\debug\camera.obj
c:\dx_work\obstacle run\x64\debug\obstacle run.exe
c:\dx_work\obstacle run\x64\debug\obstacle run.pdb
c:\dx_work\obstacle run\obstacle run\x64\debug\obstacle run.ilk
c:\dx_work\obstacle run\obstacle run\x64\debug\obstacle run.tlog\cl.command.1.tlog
c:\dx_work\obstacle run\obstacle run\x64\debug\obstacle run.tlog\cl.items.tlog
c:\dx_work\obstacle run\obstacle run\x64\debug\obstacle run.tlog\cl.read.1.tlog
c:\dx_work\obstacle run\obstacle run\x64\debug\obstacle run.tlog\cl.write.1.tlog
c:\dx_work\obstacle run\obstacle run\x64\debug\obstacle run.tlog\link.command.1.tlog
c:\dx_work\obstacle run\obstacle run\x64\debug\obstacle run.tlog\link.read.1.tlog
c:\dx_work\obstacle run\obstacle run\x64\debug\obstacle run.tlog\link.secondary.1.tlog
c:\dx_work\obstacle run\obstacle run\x64\debug\obstacle run.tlog\link.write.1.tlog
